<?xml version="1.0" encoding="UTF-8"?>
<testng-results ignored="0" total="3" passed="3" failed="0" skipped="0">
  <reporter-output>
  </reporter-output>
  <suite started-at="2024-12-27T16:11:26 GMT+07:00" name="OnLive Tv Android" finished-at="2024-12-27T16:11:42 GMT+07:00" duration-ms="15948">
    <groups>
    </groups>
    <test started-at="2024-12-27T16:11:26 GMT+07:00" name="Login Test" finished-at="2024-12-27T16:11:42 GMT+07:00" duration-ms="15948">
      <class name="runners.LoginRunner">
        <test-method is-config="true" signature="setUpDeviceAndServer(java.lang.String,java.lang.String,java.lang.String,java.lang.String)[pri:0, instance:runners.LoginRunner@5568c66f]" started-at="2024-12-27T16:11:26 GMT+07:00" name="setUpDeviceAndServer" finished-at="2024-12-27T16:11:35 GMT+07:00" duration-ms="9300" status="PASS">
          <params>
            <param index="0">
              <value>
                <![CDATA[android device]]>
              </value>
            </param>
            <param index="1">
              <value>
                <![CDATA[google]]>
              </value>
            </param>
            <param index="2">
              <value>
                <![CDATA[13]]>
              </value>
            </param>
            <param index="3">
              <value>
                <![CDATA[99181FFAZ002RG]]>
              </value>
            </param>
          </params>
          <reporter-output>
          </reporter-output>
        </test-method> <!-- setUpDeviceAndServer -->
        <test-method signature="scenario(io.cucumber.testng.PickleWrapper,io.cucumber.testng.FeatureWrapper)[pri:0, instance:runners.LoginRunner@5568c66f]" started-at="2024-12-27T16:11:35 GMT+07:00" name="scenario" data-provider="scenarios" finished-at="2024-12-27T16:11:36 GMT+07:00" duration-ms="339" status="PASS">
          <params>
            <param index="0">
              <value>
                <![CDATA["Check màn cho phép hiển thị màn Lựa chọn hình thức đăng nhập,đăng ký rồi ấn quay lại"]]>
              </value>
            </param>
            <param index="1">
              <value>
                <![CDATA["Login Test"]]>
              </value>
            </param>
          </params>
          <reporter-output>
          </reporter-output>
        </test-method> <!-- scenario -->
        <test-method signature="scenario(io.cucumber.testng.PickleWrapper,io.cucumber.testng.FeatureWrapper)[pri:0, instance:runners.LoginRunner@5568c66f]" started-at="2024-12-27T16:11:36 GMT+07:00" name="scenario" data-provider="scenarios" finished-at="2024-12-27T16:11:36 GMT+07:00" duration-ms="61" status="PASS">
          <params>
            <param index="0">
              <value>
                <![CDATA["Kiểm tra đăng nhập bằng số điện thoại nhỏ hơn 10 số"]]>
              </value>
            </param>
            <param index="1">
              <value>
                <![CDATA["Login Test"]]>
              </value>
            </param>
          </params>
          <reporter-output>
          </reporter-output>
        </test-method> <!-- scenario -->
        <test-method signature="scenario(io.cucumber.testng.PickleWrapper,io.cucumber.testng.FeatureWrapper)[pri:0, instance:runners.LoginRunner@5568c66f]" started-at="2024-12-27T16:11:36 GMT+07:00" name="scenario" data-provider="scenarios" finished-at="2024-12-27T16:11:36 GMT+07:00" duration-ms="30" status="PASS">
          <params>
            <param index="0">
              <value>
                <![CDATA["Kiểm tra đăng nhập bằng số điện thoại đầu số khác 0"]]>
              </value>
            </param>
            <param index="1">
              <value>
                <![CDATA["Login Test"]]>
              </value>
            </param>
          </params>
          <reporter-output>
          </reporter-output>
        </test-method> <!-- scenario -->
        <test-method is-config="true" signature="afterClass(java.lang.String)[pri:0, instance:runners.LoginRunner@5568c66f]" started-at="2024-12-27T16:11:36 GMT+07:00" name="afterClass" finished-at="2024-12-27T16:11:42 GMT+07:00" duration-ms="6055" status="PASS">
          <params>
            <param index="0">
              <value>
                <![CDATA[99181FFAZ002RG]]>
              </value>
            </param>
          </params>
          <reporter-output>
          </reporter-output>
        </test-method> <!-- afterClass -->
      </class> <!-- runners.LoginRunner -->
    </test> <!-- Login Test -->
  </suite> <!-- OnLive Tv Android -->
</testng-results>
