<?xml version="1.0" encoding="UTF-8"?>
<testsuite xmlns:xsi="http://www.w3.org/2001/XMLSchema-instance" xsi:noNamespaceSchemaLocation="https://maven.apache.org/surefire/maven-surefire-plugin/xsd/surefire-test-report.xsd" version="3.0.2" name="TestSuite" time="18.4" tests="3" errors="0" skipped="0" failures="0">
  <properties>
[...]
</properties>
  <testcase name="scenario[&quot;Check màn cho phép hiển thị màn Lựa chọn hình thức đăng nhập,đăng ký rồi ấn quay lại&quot;, &quot;Login Test&quot;](1)" classname="runners.LoginRunner" time="0.34">
    <system-out><![CDATA[INFO  | 2024-12-27 16:11:26 | [main] alter myListener.SuiteListener (SuiteListener.java:17) - all suites
INFO  | 2024-12-27 16:11:26 | [main] setDataPropValue helpers.PropertiesFile (PropertiesFile.java:52) - set value properties: 99181FFAZ002RG,
[99181FFAZ002RG]
INFO  | 2024-12-27 16:11:26 | [main] setDataPropValue helpers.PropertiesFile (PropertiesFile.java:52) - set value properties: 1
INFO  | 2024-12-27 16:11:26 | [main] setDataPropValue helpers.PropertiesFile (PropertiesFile.java:52) - set value properties: 1
INFO  | 2024-12-27 16:11:26 | [TestNG-tests-1] getPropValue helpers.PropertiesFile (PropertiesFile.java:39) - get value properties: NUMBER_DEVICE
INFO  | 2024-12-27 16:11:26 | [TestNG-tests-1] getPropValue helpers.PropertiesFile (PropertiesFile.java:39) - get value properties: LIST_ID_DEVICE
Device name: google
Device version: 13
INFO  | 2024-12-27 16:11:26 | [TestNG-tests-1] startServer appiumServer.AppiumService (AppiumService.java:34) - start server
&amp#27;[38;5;112m[Appium]&amp#27;[0m Welcome to Appium v2.12.1 (REV deac4e0932eb3031656cdcbe12f0a7be2cacb69f)
&amp#27;[38;5;112m[Appium]&amp#27;[0m Non-default server args:
&amp#27;[38;5;112m[Appium]&amp#27;[0m { address: &amp#27;[32m'127.0.0.1'&amp#27;[39m, port: &amp#27;[33m59472&amp#27;[39m }
&amp#27;[38;5;112m[Appium]&amp#27;[0m The autodetected Appium home path: /Users/cuongvu/.appium
&amp#27;[38;5;112m[Appium]&amp#27;[0m Attempting to load driver xcuitest...
&amp#27;[38;5;112m[Appium]&amp#27;[0m Attempting to load driver uiautomator2...
&amp#27;[38;5;112m[Appium]&amp#27;[0m Attempting to load driver gecko...
&amp#27;[38;5;112m[Appium]&amp#27;[0m Requiring driver at /Users/cuongvu/.appium/node_modules/appium-uiautomator2-driver/build/index.js
&amp#27;[38;5;112m[Appium]&amp#27;[0m Requiring driver at /Users/cuongvu/.appium/node_modules/appium-xcuitest-driver/build/index.js
&amp#27;[38;5;112m[Appium]&amp#27;[0m Requiring driver at /Users/cuongvu/.appium/node_modules/appium-geckodriver/build/index.js
&amp#27;[38;5;112m[Appium]&amp#27;[0m AndroidUiautomator2Driver has been successfully loaded in 0.367s
&amp#27;[38;5;112m[Appium]&amp#27;[0m XCUITestDriver has been successfully loaded in 0.759s
&amp#27;[38;5;112m[Appium]&amp#27;[0m GeckoDriver has been successfully loaded in 0.809s
&amp#27;[38;5;112m[Appium]&amp#27;[0m Appium REST http interface listener started on http://127.0.0.1:59472
&amp#27;[38;5;112m[Appium]&amp#27;[0m Available drivers:
&amp#27;[38;5;112m[Appium]&amp#27;[0m   - xcuitest@7.28.3 (automationName 'XCUITest')
&amp#27;[38;5;112m[Appium]&amp#27;[0m   - uiautomator2@3.8.2 (automationName 'UiAutomator2')
&amp#27;[38;5;112m[Appium]&amp#27;[0m   - gecko@1.4.0 (automationName 'Gecko')
&amp#27;[38;5;112m[Appium]&amp#27;[0m Available plugins:
&amp#27;[38;5;112m[Appium]&amp#27;[0m   - execute-driver@3.0.36
&amp#27;[38;5;112m[Appium]&amp#27;[0m   - relaxed-caps@1.0.6
&amp#27;[38;5;112m[Appium]&amp#27;[0m   - device-farm@9.4.6
&amp#27;[38;5;112m[Appium]&amp#27;[0m   - appium-dashboard@v2.0.3
&amp#27;[38;5;112m[Appium]&amp#27;[0m No plugins activated. Use the --use-plugins flag with names of plugins to activate
&amp#27;[38;5;86m[HTTP]&amp#27;[0m &amp#27;[37m-->&amp#27;[39m &amp#27;[37mGET&amp#27;[39m &amp#27;[37m/status&amp#27;[39m &amp#27;[90m{}&amp#27;[39m
&amp#27;[38;5;90m[AppiumDriver@18d1]&amp#27;[0m Calling AppiumDriver.getStatus() with args: []
&amp#27;[38;5;90m[AppiumDriver@18d1]&amp#27;[0m Responding to client with driver.getStatus() result: {"ready":true,"message":"The server is ready to accept new connections","build":{"version":"2.12.1","git-sha":"deac4e0932eb3031656cdcbe12f0a7be2cacb69f","built":"2024-07-30 12:50:18 -0700"}}
&amp#27;[38;5;86m[HTTP]&amp#27;[0m &amp#27;[37m<-- GET /status &amp#27;[39m&amp#27;[32m200&amp#27;[39m &amp#27;[90m6 ms - 200&amp#27;[39m &amp#27;[90m&amp#27;[39m
url start appium http://127.0.0.1:59472/
path /Users/cuongvu/AutomationTest/automation-onlivetv-android/app/onlive-dev-debug.apk
capabilityCapabilities {app: /Users/cuongvu/AutomationTe..., appWaitForLaunch: false, autoGrantPermissions: true, automationName: UiAutomator2, noReset: false, platformName: ANDROID, systemPort: 8242, udid: 99181FFAZ002RG, version: 13}
INFO  | 2024-12-27 16:11:29 | [TestNG-tests-1] getUrlServer appiumServer.AppiumService (AppiumService.java:44) - url server http://127.0.0.1:59472/
&amp#27;[38;5;86m[HTTP]&amp#27;[0m Request idempotency key: 9e5d7cdc-1616-4370-a1e1-30cd04b02278
&amp#27;[38;5;86m[HTTP]&amp#27;[0m &amp#27;[37m-->&amp#27;[39m &amp#27;[37mPOST&amp#27;[39m &amp#27;[37m/session&amp#27;[39m &amp#27;[90m{"capabilities":{"firstMatch":[{}],"alwaysMatch":{"appium:app":"/Users/cuongvu/AutomationTest/automation-onlivetv-android/app/onlive-dev-debug.apk","appium:appWaitForLaunch":false,"appium:autoGrantPermissions":true,"appium:automationName":"UiAutomator2","appium:noReset":false,"appium:systemPort":8242,"appium:udid":"99181FFAZ002RG","appium:version":"13","platformName":"ANDROID"}}}&amp#27;[39m
&amp#27;[38;5;90m[AppiumDriver@18d1]&amp#27;[0m Calling AppiumDriver.createSession() with args: [null,null,{"firstMatch":[{}],"alwaysMatch":{"appium:app":"/Users/cuongvu/AutomationTest/automation-onlivetv-android/app/onlive-dev-debug.apk","appium:appWaitForLaunch":false,"appium:autoGrantPermissions":true,"appium:automationName":"UiAutomator2","appium:noReset":false,"appium:systemPort":8242,"appium:udid":"99181FFAZ002RG","appium:version":"13","platformName":"ANDROID"}}]
&amp#27;[38;5;90m[AppiumDriver@18d1]&amp#27;[0m Event 'newSessionRequested' logged at 1735290690027 (16:11:30 GMT+0700 (Indochina Time))
&amp#27;[38;5;112m[Appium]&amp#27;[0m Attempting to find matching driver for automationName 'UiAutomator2' and platformName 'ANDROID'
&amp#27;[38;5;112m[Appium]&amp#27;[0m The 'uiautomator2' driver was installed and matched caps.
&amp#27;[38;5;112m[Appium]&amp#27;[0m Will require it at /Users/cuongvu/.appium/node_modules/appium-uiautomator2-driver
&amp#27;[38;5;112m[Appium]&amp#27;[0m Requiring driver at /Users/cuongvu/.appium/node_modules/appium-uiautomator2-driver/build/index.js
&amp#27;[38;5;90m[AppiumDriver@18d1]&amp#27;[0m Appium v2.12.1 creating new AndroidUiautomator2Driver (v3.8.2) session
&amp#27;[38;5;90m[AppiumDriver@18d1]&amp#27;[0m Checking BaseDriver versions for Appium and AndroidUiautomator2Driver
&amp#27;[38;5;90m[AppiumDriver@18d1]&amp#27;[0m Appium's BaseDriver version is 9.12.1
&amp#27;[38;5;90m[AppiumDriver@18d1]&amp#27;[0m AndroidUiautomator2Driver's BaseDriver version is 9.12.1
&amp#27;[38;5;-22m[AndroidUiautomator2Driver@c4ce]&amp#27;[0m 
&amp#27;[38;5;-22m[AndroidUiautomator2Driver@c4ce]&amp#27;[0m Creating session with W3C capabilities: {
  "alwaysMatch": {
    "platformName": "ANDROID",
    "appium:app": "/Users/cuongvu/AutomationTest/automation-onlivetv-android/app/onlive-dev-debug.apk",
    "appium:appWaitForLaunch": false,
    "appium:autoGrantPermissions": true,
    "appium:automationName": "UiAutomator2",
    "appium:noReset": false,
    "appium:systemPort": 8242,
    "appium:udid": "99181FFAZ002RG",
    "appium:version": "13"
  },
  "firstMatch": [
    {}
  ]
}
&amp#27;[38;5;-22m[AndroidUiautomator2Driver@c4ce]&amp#27;[0m The following provided capabilities were not recognized by this driver:
&amp#27;[38;5;-22m[AndroidUiautomator2Driver@c4ce]&amp#27;[0m   version
&amp#27;[38;5;180m[761a28b9]&amp#27;[0m&amp#27;[38;5;-22m[AndroidUiautomator2Driver@c4ce]&amp#27;[0m Session created with session id: 761a28b9-fee1-4e1c-a940-cb81932093b0
&amp#27;[38;5;180m[761a28b9]&amp#27;[0m&amp#27;[38;5;229m[ADB]&amp#27;[0m Found 2 'build-tools' folders under '/Users/cuongvu/Library/Android/sdk' (newest first):
&amp#27;[38;5;180m[761a28b9]&amp#27;[0m&amp#27;[38;5;229m[ADB]&amp#27;[0m     /Users/cuongvu/Library/Android/sdk/build-tools/35.0.0
&amp#27;[38;5;180m[761a28b9]&amp#27;[0m&amp#27;[38;5;229m[ADB]&amp#27;[0m     /Users/cuongvu/Library/Android/sdk/build-tools/34.0.0
&amp#27;[38;5;180m[761a28b9]&amp#27;[0m&amp#27;[38;5;229m[ADB]&amp#27;[0m Using 'adb' from '/Users/cuongvu/Library/Android/sdk/platform-tools/adb'
&amp#27;[38;5;180m[761a28b9]&amp#27;[0m&amp#27;[38;5;229m[ADB]&amp#27;[0m Running '/Users/cuongvu/Library/Android/sdk/platform-tools/adb -P 5037 start-server'
&amp#27;[38;5;180m[761a28b9]&amp#27;[0m&amp#27;[38;5;-22m[AndroidUiautomator2Driver@c4ce]&amp#27;[0m Retrieving device list
&amp#27;[38;5;180m[761a28b9]&amp#27;[0m&amp#27;[38;5;229m[ADB]&amp#27;[0m Trying to find connected Android devices
&amp#27;[38;5;180m[761a28b9]&amp#27;[0m&amp#27;[38;5;229m[ADB]&amp#27;[0m Getting connected devices
&amp#27;[38;5;180m[761a28b9]&amp#27;[0m&amp#27;[38;5;229m[ADB]&amp#27;[0m Connected devices: [{"udid":"99181FFAZ002RG","state":"device"}]
&amp#27;[38;5;180m[761a28b9]&amp#27;[0m&amp#27;[38;5;-22m[AndroidUiautomator2Driver@c4ce]&amp#27;[0m Using device: 99181FFAZ002RG
&amp#27;[38;5;180m[761a28b9]&amp#27;[0m&amp#27;[38;5;229m[ADB]&amp#27;[0m Using 'adb' from '/Users/cuongvu/Library/Android/sdk/platform-tools/adb'
&amp#27;[38;5;180m[761a28b9]&amp#27;[0m&amp#27;[38;5;229m[ADB]&amp#27;[0m Running '/Users/cuongvu/Library/Android/sdk/platform-tools/adb -P 5037 start-server'
&amp#27;[38;5;180m[761a28b9]&amp#27;[0m&amp#27;[38;5;229m[ADB]&amp#27;[0m Setting device id to 99181FFAZ002RG
&amp#27;[38;5;180m[761a28b9]&amp#27;[0m&amp#27;[38;5;123m[BaseDriver]&amp#27;[0m Using local app '/Users/cuongvu/AutomationTest/automation-onlivetv-android/app/onlive-dev-debug.apk'
&amp#27;[38;5;180m[761a28b9]&amp#27;[0m&amp#27;[38;5;-22m[AndroidUiautomator2Driver@c4ce]&amp#27;[0m Checking whether app is actually present
&amp#27;[38;5;180m[761a28b9]&amp#27;[0m&amp#27;[38;5;229m[ADB]&amp#27;[0m Running '/Users/cuongvu/Library/Android/sdk/platform-tools/adb -P 5037 -s 99181FFAZ002RG shell getprop ro.build.version.sdk'
&amp#27;[38;5;180m[761a28b9]&amp#27;[0m&amp#27;[38;5;229m[ADB]&amp#27;[0m Current device property 'ro.build.version.sdk': 33
&amp#27;[38;5;180m[761a28b9]&amp#27;[0m&amp#27;[38;5;229m[ADB]&amp#27;[0m Getting device platform version
&amp#27;[38;5;180m[761a28b9]&amp#27;[0m&amp#27;[38;5;229m[ADB]&amp#27;[0m Running '/Users/cuongvu/Library/Android/sdk/platform-tools/adb -P 5037 -s 99181FFAZ002RG shell getprop ro.build.version.release'
&amp#27;[38;5;180m[761a28b9]&amp#27;[0m&amp#27;[38;5;229m[ADB]&amp#27;[0m Current device property 'ro.build.version.release': 13
&amp#27;[38;5;180m[761a28b9]&amp#27;[0m&amp#27;[38;5;229m[ADB]&amp#27;[0m Device API level: 33
&amp#27;[38;5;180m[761a28b9]&amp#27;[0m&amp#27;[38;5;-22m[AndroidUiautomator2Driver@c4ce]&amp#27;[0m Relaxing hidden api policy
&amp#27;[38;5;180m[761a28b9]&amp#27;[0m&amp#27;[38;5;229m[ADB]&amp#27;[0m Running '/Users/cuongvu/Library/Android/sdk/platform-tools/adb -P 5037 -s 99181FFAZ002RG shell 'settings put global hidden_api_policy_pre_p_apps 1;settings put global hidden_api_policy_p_apps 1;settings put global hidden_api_policy 1''
&amp#27;[38;5;180m[761a28b9]&amp#27;[0m&amp#27;[38;5;-22m[AndroidUiautomator2Driver@c4ce]&amp#27;[0m Parsing package and activity from app manifest
&amp#27;[38;5;180m[761a28b9]&amp#27;[0m&amp#27;[38;5;-22m[AndroidUiautomator2Driver@c4ce]&amp#27;[0m Pushing settings apk to the device...
&amp#27;[38;5;180m[761a28b9]&amp#27;[0m&amp#27;[38;5;229m[ADB]&amp#27;[0m Getting package info for 'io.appium.settings'
&amp#27;[38;5;180m[761a28b9]&amp#27;[0m&amp#27;[38;5;229m[ADB]&amp#27;[0m Running '/Users/cuongvu/Library/Android/sdk/platform-tools/adb -P 5037 -s 99181FFAZ002RG shell dumpsys package io.appium.settings'
&amp#27;[38;5;180m[761a28b9]&amp#27;[0m&amp#27;[38;5;229m[ADB]&amp#27;[0m Using 'aapt2' from '/Users/cuongvu/Library/Android/sdk/build-tools/35.0.0/aapt2'
&amp#27;[38;5;180m[761a28b9]&amp#27;[0m&amp#27;[38;5;229m[ADB]&amp#27;[0m Reading package manifest: '/Users/cuongvu/Library/Android/sdk/build-tools/35.0.0/aapt2 dump badging /Users/cuongvu/AutomationTest/automation-onlivetv-android/app/onlive-dev-debug.apk'
&amp#27;[38;5;180m[761a28b9]&amp#27;[0m&amp#27;[38;5;229m[ADB]&amp#27;[0m Reading package manifest: '/Users/cuongvu/Library/Android/sdk/build-tools/35.0.0/aapt2 dump badging /Users/cuongvu/.appium/node_modules/appium-uiautomator2-driver/node_modules/io.appium.settings/apks/settings_apk-debug.apk'
&amp#27;[38;5;180m[761a28b9]&amp#27;[0m&amp#27;[38;5;229m[ADB]&amp#27;[0m The version code of the installed 'io.appium.settings' is greater than the application version code (109 > 107)
&amp#27;[38;5;180m[761a28b9]&amp#27;[0m&amp#27;[38;5;229m[ADB]&amp#27;[0m There is no need to downgrade 'io.appium.settings'
&amp#27;[38;5;180m[761a28b9]&amp#27;[0m&amp#27;[38;5;229m[ADB]&amp#27;[0m Running '/Users/cuongvu/Library/Android/sdk/platform-tools/adb -P 5037 -s 99181FFAZ002RG shell dumpsys activity services io.appium.settings'
&amp#27;[38;5;180m[761a28b9]&amp#27;[0m&amp#27;[38;5;229m[ADB]&amp#27;[0m Package name: 'vn.vtvlive.ontv.a.dev'
&amp#27;[38;5;180m[761a28b9]&amp#27;[0m&amp#27;[38;5;229m[ADB]&amp#27;[0m Main activity name: 'vn.vtvlive.ontv.a.SplashActivity'
&amp#27;[38;5;180m[761a28b9]&amp#27;[0m&amp#27;[38;5;-22m[AndroidUiautomator2Driver@c4ce]&amp#27;[0m Parsed package and activity are: vn.vtvlive.ontv.a.dev/vn.vtvlive.ontv.a.SplashActivity
&amp#27;[38;5;180m[761a28b9]&amp#27;[0m&amp#27;[38;5;-22m[AndroidUiautomator2Driver@c4ce]&amp#27;[0m io.appium.settings is already running. There is no need to reset its permissions.
&amp#27;[38;5;180m[761a28b9]&amp#27;[0m&amp#27;[38;5;160m[Logcat]&amp#27;[0m Starting logs capture with command: /Users/cuongvu/Library/Android/sdk/platform-tools/adb -P 5037 -s 99181FFAZ002RG logcat -v threadtime
&amp#27;[38;5;180m[761a28b9]&amp#27;[0m&amp#27;[38;5;229m[ADB]&amp#27;[0m Running '/Users/cuongvu/Library/Android/sdk/platform-tools/adb -P 5037 -s 99181FFAZ002RG shell appops set io.appium.settings android:mock_location allow'
&amp#27;[38;5;180m[761a28b9]&amp#27;[0m&amp#27;[38;5;229m[ADB]&amp#27;[0m Running '/Users/cuongvu/Library/Android/sdk/platform-tools/adb -P 5037 -s 99181FFAZ002RG shell "[ -e '/data/local/tmp/mock_apps.json' ] && echo __PASS__"'
&amp#27;[38;5;180m[761a28b9]&amp#27;[0m&amp#27;[38;5;229m[ADB]&amp#27;[0m Running '/Users/cuongvu/Library/Android/sdk/platform-tools/adb -P 5037 -s 99181FFAZ002RG shell cat /data/local/tmp/mock_apps.json'
&amp#27;[38;5;180m[761a28b9]&amp#27;[0m&amp#27;[38;5;-22m[AndroidUiautomator2Driver@c4ce]&amp#27;[0m Forwarding UiAutomator2 Server port 6790 to local port 8242
&amp#27;[38;5;180m[761a28b9]&amp#27;[0m&amp#27;[38;5;229m[ADB]&amp#27;[0m Forwarding system: 8242 to device: 6790
&amp#27;[38;5;180m[761a28b9]&amp#27;[0m&amp#27;[38;5;229m[ADB]&amp#27;[0m Running '/Users/cuongvu/Library/Android/sdk/platform-tools/adb -P 5037 -s 99181FFAZ002RG forward tcp:8242 tcp:6790'
&amp#27;[38;5;180m[761a28b9]&amp#27;[0m&amp#27;[38;5;229m[ADB]&amp#27;[0m Getting package info for 'io.appium.uiautomator2.server'
&amp#27;[38;5;180m[761a28b9]&amp#27;[0m&amp#27;[38;5;229m[ADB]&amp#27;[0m Running '/Users/cuongvu/Library/Android/sdk/platform-tools/adb -P 5037 -s 99181FFAZ002RG shell dumpsys package io.appium.uiautomator2.server'
&amp#27;[38;5;180m[761a28b9]&amp#27;[0m&amp#27;[38;5;229m[ADB]&amp#27;[0m Getting install status for io.appium.uiautomator2.server.test
&amp#27;[38;5;180m[761a28b9]&amp#27;[0m&amp#27;[38;5;229m[ADB]&amp#27;[0m Checking app cert for /Users/cuongvu/AutomationTest/automation-onlivetv-android/app/onlive-dev-debug.apk
&amp#27;[38;5;180m[761a28b9]&amp#27;[0m&amp#27;[38;5;229m[ADB]&amp#27;[0m Running '/Users/cuongvu/Library/Android/sdk/platform-tools/adb -P 5037 -s 99181FFAZ002RG shell cmd package list packages'
&amp#27;[38;5;180m[761a28b9]&amp#27;[0m&amp#27;[38;5;229m[ADB]&amp#27;[0m Using 'apksigner.jar' from '/Users/cuongvu/Library/Android/sdk/build-tools/35.0.0/lib/apksigner.jar'
&amp#27;[38;5;180m[761a28b9]&amp#27;[0m&amp#27;[38;5;229m[ADB]&amp#27;[0m Starting apksigner: /Users/cuongvu/Library/Java/JavaVirtualMachines/openjdk-23.0.1/Contents/Home/bin/java -Xmx1024M -Xss1m -jar /Users/cuongvu/Library/Android/sdk/build-tools/35.0.0/lib/apksigner.jar verify --print-certs /Users/cuongvu/AutomationTest/automation-onlivetv-android/app/onlive-dev-debug.apk
&amp#27;[38;5;180m[761a28b9]&amp#27;[0m&amp#27;[38;5;229m[ADB]&amp#27;[0m Reading package manifest: '/Users/cuongvu/Library/Android/sdk/build-tools/35.0.0/aapt2 dump badging /Users/cuongvu/.appium/node_modules/appium-uiautomator2-driver/node_modules/appium-uiautomator2-server/apks/appium-uiautomator2-server-v7.1.2.apk'
&amp#27;[38;5;180m[761a28b9]&amp#27;[0m&amp#27;[38;5;229m[ADB]&amp#27;[0m 'io.appium.uiautomator2.server.test' is installed
&amp#27;[38;5;180m[761a28b9]&amp#27;[0m&amp#27;[38;5;229m[ADB]&amp#27;[0m The version name of the installed 'io.appium.uiautomator2.server' is greater or equal to the application version name ('7.1.2' >= '7.1.2')
&amp#27;[38;5;180m[761a28b9]&amp#27;[0m&amp#27;[38;5;-22m[AndroidUiautomator2Driver@c4ce]&amp#27;[0m Server packages status: [{"installState":"sameVersionInstalled","appPath":"/Users/cuongvu/.appium/node_modules/appium-uiautomator2-driver/node_modules/appium-uiautomator2-server/apks/appium-uiautomator2-server-v7.1.2.apk","appId":"io.appium.uiautomator2.server"},{"installState":"sameVersionInstalled","appPath":"/Users/cuongvu/.appium/node_modules/appium-uiautomator2-driver/node_modules/appium-uiautomator2-server/apks/appium-uiautomator2-server-debug-androidTest.apk","appId":"io.appium.uiautomator2.server.test"}]
&amp#27;[38;5;180m[761a28b9]&amp#27;[0m&amp#27;[38;5;-22m[AndroidUiautomator2Driver@c4ce]&amp#27;[0m Server packages are not going to be (re)installed
&amp#27;[38;5;180m[761a28b9]&amp#27;[0m&amp#27;[38;5;-22m[AndroidUiautomator2Driver@c4ce]&amp#27;[0m Waiting up to 30000ms for services to be available
&amp#27;[38;5;180m[761a28b9]&amp#27;[0m&amp#27;[38;5;229m[ADB]&amp#27;[0m Running '/Users/cuongvu/Library/Android/sdk/platform-tools/adb -P 5037 -s 99181FFAZ002RG shell pm list instrumentation'
&amp#27;[38;5;180m[761a28b9]&amp#27;[0m&amp#27;[38;5;-22m[AndroidUiautomator2Driver@c4ce]&amp#27;[0m Instrumentation target 'io.appium.uiautomator2.server.test/androidx.test.runner.AndroidJUnitRunner' is available
&amp#27;[38;5;180m[761a28b9]&amp#27;[0m&amp#27;[38;5;229m[ADB]&amp#27;[0m Adding packages ["io.appium.settings","io.appium.uiautomator2.server","io.appium.uiautomator2.server.test"] to Doze whitelist
&amp#27;[38;5;180m[761a28b9]&amp#27;[0m&amp#27;[38;5;229m[ADB]&amp#27;[0m Got the following command chunks to execute: [["dumpsys","deviceidle","whitelist","+io.appium.settings",";","dumpsys","deviceidle","whitelist","+io.appium.uiautomator2.server",";","dumpsys","deviceidle","whitelist","+io.appium.uiautomator2.server.test",";"]]
&amp#27;[38;5;180m[761a28b9]&amp#27;[0m&amp#27;[38;5;229m[ADB]&amp#27;[0m Running '/Users/cuongvu/Library/Android/sdk/platform-tools/adb -P 5037 -s 99181FFAZ002RG shell dumpsys deviceidle whitelist +io.appium.settings ; dumpsys deviceidle whitelist +io.appium.uiautomator2.server ; dumpsys deviceidle whitelist +io.appium.uiautomator2.server.test ;'
&amp#27;[38;5;180m[761a28b9]&amp#27;[0m&amp#27;[38;5;229m[ADB]&amp#27;[0m apksigner stdout: Signer #1 certificate DN: C=84, ST=Hanoi, L=Hanoi, O=VTVLive, OU=VTVLive, CN=VTVLive
Signer #1 certificate SHA-256 digest: 2cbde3d77000f763e163f59aefc472f4f137bbcdcec00de4987ca85a427d20b5
Signer #1 certificate SHA-1 digest: dd78fd9924997027d15c357ad93dfdbd6b9e91d8
Signer #1 certificate MD5 digest: 1060f6f067ced36aa58ce5058b4b9a5e

&amp#27;[38;5;180m[761a28b9]&amp#27;[0m&amp#27;[38;5;229m[ADB]&amp#27;[0m '/Users/cuongvu/AutomationTest/automation-onlivetv-android/app/onlive-dev-debug.apk' is signed with a non-default certificate
&amp#27;[38;5;180m[761a28b9]&amp#27;[0m&amp#27;[38;5;229m[ADB]&amp#27;[0m Getting package info for 'vn.vtvlive.ontv.a.dev'
&amp#27;[38;5;180m[761a28b9]&amp#27;[0m&amp#27;[38;5;229m[ADB]&amp#27;[0m Running '/Users/cuongvu/Library/Android/sdk/platform-tools/adb -P 5037 -s 99181FFAZ002RG shell dumpsys package vn.vtvlive.ontv.a.dev'
&amp#27;[38;5;180m[761a28b9]&amp#27;[0m&amp#27;[38;5;229m[ADB]&amp#27;[0m Reading package manifest: '/Users/cuongvu/Library/Android/sdk/build-tools/35.0.0/aapt2 dump badging /Users/cuongvu/AutomationTest/automation-onlivetv-android/app/onlive-dev-debug.apk'
&amp#27;[38;5;180m[761a28b9]&amp#27;[0m&amp#27;[38;5;229m[ADB]&amp#27;[0m The version name of the installed 'vn.vtvlive.ontv.a.dev' is greater or equal to the application version name ('1.0.0' >= '1.0.0')
&amp#27;[38;5;180m[761a28b9]&amp#27;[0m&amp#27;[38;5;229m[ADB]&amp#27;[0m There is no need to install/upgrade '/Users/cuongvu/AutomationTest/automation-onlivetv-android/app/onlive-dev-debug.apk'
&amp#27;[38;5;180m[761a28b9]&amp#27;[0m&amp#27;[38;5;-22m[AndroidUiautomator2Driver@c4ce]&amp#27;[0m Performing fast reset on 'vn.vtvlive.ontv.a.dev'
&amp#27;[38;5;180m[761a28b9]&amp#27;[0m&amp#27;[38;5;229m[ADB]&amp#27;[0m Getting install status for vn.vtvlive.ontv.a.dev
&amp#27;[38;5;180m[761a28b9]&amp#27;[0m&amp#27;[38;5;229m[ADB]&amp#27;[0m Running '/Users/cuongvu/Library/Android/sdk/platform-tools/adb -P 5037 -s 99181FFAZ002RG shell cmd package list packages'
&amp#27;[38;5;180m[761a28b9]&amp#27;[0m&amp#27;[38;5;229m[ADB]&amp#27;[0m 'vn.vtvlive.ontv.a.dev' is installed
&amp#27;[38;5;180m[761a28b9]&amp#27;[0m&amp#27;[38;5;229m[ADB]&amp#27;[0m Running '/Users/cuongvu/Library/Android/sdk/platform-tools/adb -P 5037 -s 99181FFAZ002RG shell am force-stop vn.vtvlive.ontv.a.dev'
&amp#27;[38;5;180m[761a28b9]&amp#27;[0m&amp#27;[38;5;229m[ADB]&amp#27;[0m Running '/Users/cuongvu/Library/Android/sdk/platform-tools/adb -P 5037 -s 99181FFAZ002RG shell pm clear vn.vtvlive.ontv.a.dev'
&amp#27;[38;5;180m[761a28b9]&amp#27;[0m&amp#27;[38;5;229m[ADB]&amp#27;[0m Running '/Users/cuongvu/Library/Android/sdk/platform-tools/adb -P 5037 -s 99181FFAZ002RG shell dumpsys package vn.vtvlive.ontv.a.dev'
&amp#27;[38;5;180m[761a28b9]&amp#27;[0m&amp#27;[38;5;229m[ADB]&amp#27;[0m Retrieving requested permissions
&amp#27;[38;5;180m[761a28b9]&amp#27;[0m&amp#27;[38;5;229m[ADB]&amp#27;[0m Retrieved 15 permissions from requested group
&amp#27;[38;5;180m[761a28b9]&amp#27;[0m&amp#27;[38;5;229m[ADB]&amp#27;[0m Retrieving granted permissions
&amp#27;[38;5;180m[761a28b9]&amp#27;[0m&amp#27;[38;5;229m[ADB]&amp#27;[0m Retrieved 11 permissions from install,runtime groups
&amp#27;[38;5;180m[761a28b9]&amp#27;[0m&amp#27;[38;5;229m[ADB]&amp#27;[0m Granting permissions ["android.permission.READ_PHONE_STATE","android.permission.CAMERA","android.permission.POST_NOTIFICATIONS","android.permission.AD_SERVICES_CONFIG"] to 'vn.vtvlive.ontv.a.dev'
&amp#27;[38;5;180m[761a28b9]&amp#27;[0m&amp#27;[38;5;229m[ADB]&amp#27;[0m Got the following command chunks to execute: [["pm","grant","vn.vtvlive.ontv.a.dev","android.permission.READ_PHONE_STATE",";","pm","grant","vn.vtvlive.ontv.a.dev","android.permission.CAMERA",";","pm","grant","vn.vtvlive.ontv.a.dev","android.permission.POST_NOTIFICATIONS",";","pm","grant","vn.vtvlive.ontv.a.dev","android.permission.AD_SERVICES_CONFIG",";"]]
&amp#27;[38;5;180m[761a28b9]&amp#27;[0m&amp#27;[38;5;229m[ADB]&amp#27;[0m Running '/Users/cuongvu/Library/Android/sdk/platform-tools/adb -P 5037 -s 99181FFAZ002RG shell pm grant vn.vtvlive.ontv.a.dev android.permission.READ_PHONE_STATE ; pm grant vn.vtvlive.ontv.a.dev android.permission.CAMERA ; pm grant vn.vtvlive.ontv.a.dev android.permission.POST_NOTIFICATIONS ; pm grant vn.vtvlive.ontv.a.dev android.permission.AD_SERVICES_CONFIG ;'
&amp#27;[38;5;180m[761a28b9]&amp#27;[0m&amp#27;[38;5;-22m[AndroidUiautomator2Driver@c4ce]&amp#27;[0m Performed fast reset on the installed 'vn.vtvlive.ontv.a.dev' application (stop and clear)
&amp#27;[38;5;180m[761a28b9]&amp#27;[0m&amp#27;[38;5;-22m[AndroidUiautomator2Driver@c4ce]&amp#27;[0m Performing shallow cleanup of automation leftovers
&amp#27;[38;5;180m[761a28b9]&amp#27;[0m&amp#27;[38;5;-22m[AndroidUiautomator2Driver@c4ce]&amp#27;[0m No obsolete sessions have been detected (socket hang up)
&amp#27;[38;5;180m[761a28b9]&amp#27;[0m&amp#27;[38;5;229m[ADB]&amp#27;[0m Running '/Users/cuongvu/Library/Android/sdk/platform-tools/adb -P 5037 -s 99181FFAZ002RG shell am force-stop io.appium.uiautomator2.server'
&amp#27;[38;5;180m[761a28b9]&amp#27;[0m&amp#27;[38;5;229m[ADB]&amp#27;[0m Running '/Users/cuongvu/Library/Android/sdk/platform-tools/adb -P 5037 -s 99181FFAZ002RG shell am force-stop io.appium.uiautomator2.server.test'
&amp#27;[38;5;180m[761a28b9]&amp#27;[0m&amp#27;[38;5;-22m[AndroidUiautomator2Driver@c4ce]&amp#27;[0m Starting UIAutomator2 server 7.1.2
&amp#27;[38;5;180m[761a28b9]&amp#27;[0m&amp#27;[38;5;-22m[AndroidUiautomator2Driver@c4ce]&amp#27;[0m Using UIAutomator2 server from '/Users/cuongvu/.appium/node_modules/appium-uiautomator2-driver/node_modules/appium-uiautomator2-server/apks/appium-uiautomator2-server-v7.1.2.apk' and test from '/Users/cuongvu/.appium/node_modules/appium-uiautomator2-driver/node_modules/appium-uiautomator2-server/apks/appium-uiautomator2-server-debug-androidTest.apk'
&amp#27;[38;5;180m[761a28b9]&amp#27;[0m&amp#27;[38;5;-22m[AndroidUiautomator2Driver@c4ce]&amp#27;[0m Waiting up to 30000ms for UiAutomator2 to be online...
&amp#27;[38;5;180m[761a28b9]&amp#27;[0m&amp#27;[38;5;229m[ADB]&amp#27;[0m Creating ADB subprocess with args: ["-P","5037","-s","99181FFAZ002RG","shell","am","instrument","-w","-e","disableAnalytics","true","io.appium.uiautomator2.server.test/androidx.test.runner.AndroidJUnitRunner"]
&amp#27;[38;5;180m[761a28b9]&amp#27;[0m&amp#27;[38;5;-22m[AndroidUiautomator2Driver@c4ce]&amp#27;[0m Matched '/status' to command name 'getStatus'
&amp#27;[38;5;180m[761a28b9]&amp#27;[0m&amp#27;[38;5;-22m[AndroidUiautomator2Driver@c4ce]&amp#27;[0m Proxying [GET /status] to [GET http://127.0.0.1:8242/status] with no body
&amp#27;[38;5;180m[761a28b9]&amp#27;[0m&amp#27;[38;5;-22m[AndroidUiautomator2Driver@c4ce]&amp#27;[0m socket hang up
&amp#27;[38;5;180m[761a28b9]&amp#27;[0m&amp#27;[38;5;-22m[AndroidUiautomator2Driver@c4ce]&amp#27;[0m [Instrumentation] 
&amp#27;[38;5;180m[761a28b9]&amp#27;[0m&amp#27;[38;5;-22m[AndroidUiautomator2Driver@c4ce]&amp#27;[0m Matched '/status' to command name 'getStatus'
&amp#27;[38;5;180m[761a28b9]&amp#27;[0m&amp#27;[38;5;-22m[AndroidUiautomator2Driver@c4ce]&amp#27;[0m Proxying [GET /status] to [GET http://127.0.0.1:8242/status] with no body
&amp#27;[38;5;180m[761a28b9]&amp#27;[0m&amp#27;[38;5;-22m[AndroidUiautomator2Driver@c4ce]&amp#27;[0m socket hang up
&amp#27;[38;5;180m[761a28b9]&amp#27;[0m&amp#27;[38;5;-22m[AndroidUiautomator2Driver@c4ce]&amp#27;[0m Matched '/status' to command name 'getStatus'
&amp#27;[38;5;180m[761a28b9]&amp#27;[0m&amp#27;[38;5;-22m[AndroidUiautomator2Driver@c4ce]&amp#27;[0m Proxying [GET /status] to [GET http://127.0.0.1:8242/status] with no body
&amp#27;[38;5;180m[761a28b9]&amp#27;[0m&amp#27;[38;5;-22m[AndroidUiautomator2Driver@c4ce]&amp#27;[0m Got response with status 200: {"sessionId":"None","value":{"message":"UiAutomator2 Server is ready to accept commands","ready":true}}
&amp#27;[38;5;180m[761a28b9]&amp#27;[0m&amp#27;[38;5;-22m[AndroidUiautomator2Driver@c4ce]&amp#27;[0m The initialization of the instrumentation process took 2096ms
&amp#27;[38;5;180m[761a28b9]&amp#27;[0m&amp#27;[38;5;-22m[AndroidUiautomator2Driver@c4ce]&amp#27;[0m Matched '/session' to command name 'createSession'
&amp#27;[38;5;180m[761a28b9]&amp#27;[0m&amp#27;[38;5;-22m[AndroidUiautomator2Driver@c4ce]&amp#27;[0m Proxying [POST /session] to [POST http://127.0.0.1:8242/session] with body: {"capabilities":{"firstMatch":[{"platformName":"ANDROID","app":"/Users/cuongvu/AutomationTest/automation-onlivetv-android/app/onlive-dev-debug.apk","appWaitForLaunch":false,"autoGrantPermissions":true,"automationName":"UiAutomator2","noReset":false,"systemPort":8242,"udid":"99181FFAZ002RG","version":"13","platform":"LINUX","webStorageEnabled":false,"takesScreenshot":true,"javascriptEnabled":true,"databaseEnabled":false,"networkConnectionEnabled":true,"locationContextEnabled":false,"warnings":{},"desired":{"platformName":"ANDROID","app":"/Users/cuongvu/AutomationTest/automation-onlivetv-android/app/onlive-dev-debug.apk","appWaitForLaunch":false,"autoGrantPermissions":true,"automationName":"UiAutomator2","noReset":false,"systemPort":8242,"udid":"99181FFAZ002RG","version":"13"},"deviceName":"99181FFAZ002RG","deviceUDID":"99181FFAZ002RG","appPackage":"vn.vtvlive.ontv.a.dev"}],"alwaysMatch":{}}}
&amp#27;[38;5;180m[761a28b9]&amp#27;[0m&amp#27;[38;5;-22m[AndroidUiautomator2Driver@c4ce]&amp#27;[0m Got response with status 200: {"sessionId":"b40fdf65-6bf9-41b7-a102-1271e5f3b774","value":{"capabilities":{"firstMatch":[{"platformName":"ANDROID","app":"/Users/cuongvu/AutomationTest/automation-onlivetv-android/app/onlive-dev-debug.apk","appWaitForLaunch":false,"autoGrantPermissions":true,"automationName":"UiAutomator2","noReset":false,"systemPort":8242,"udid":"99181FFAZ002RG","version":"13","platform":"LINUX","webStorageEnabled":false,"takesScreenshot":true,"javascriptEnabled":true,"databaseEnabled":false,"networkConnectionEnabled":true,"locationContextEnabled":false,"warnings":{},"desired":{"platformName":"ANDROID","app":"/Users/cuongvu/AutomationTest/automation-onlivetv-android/app/onlive-dev-debug.apk","appWaitForLaunch":false,"autoGrantPermissions":true,"automationName":"UiAutomator2","noReset":false,"systemPort":8242,"udid":"99181FFAZ002RG","version":"13"},"deviceName":"99181FFAZ002RG","deviceUDID":"99181FFAZ002RG","appPackage":"vn.vtvlive.ontv.a.dev"}],"alwaysMatch":{}},"sessionId":"b40fdf65-6bf9-41b7-a102-1271e5f3b774"}}
&amp#27;[38;5;180m[761a28b9]&amp#27;[0m&amp#27;[38;5;-22m[AndroidUiautomator2Driver@c4ce]&amp#27;[0m Determined the downstream protocol as 'W3C'
&amp#27;[38;5;180m[761a28b9]&amp#27;[0m&amp#27;[38;5;-22m[AndroidUiautomator2Driver@c4ce]&amp#27;[0m Proxying [GET /appium/device/pixel_ratio] to [GET http://127.0.0.1:8242/session/b40fdf65-6bf9-41b7-a102-1271e5f3b774/appium/device/pixel_ratio] with no body
&amp#27;[38;5;180m[761a28b9]&amp#27;[0m&amp#27;[38;5;-22m[AndroidUiautomator2Driver@c4ce]&amp#27;[0m Matched '/appium/device/system_bars' to command name 'getSystemBars'
&amp#27;[38;5;180m[761a28b9]&amp#27;[0m&amp#27;[38;5;-22m[AndroidUiautomator2Driver@c4ce]&amp#27;[0m Proxying [GET /appium/device/system_bars] to [GET http://127.0.0.1:8242/session/b40fdf65-6bf9-41b7-a102-1271e5f3b774/appium/device/system_bars] with no body
&amp#27;[38;5;180m[761a28b9]&amp#27;[0m&amp#27;[38;5;-22m[AndroidUiautomator2Driver@c4ce]&amp#27;[0m Matched '/window/current/size' to command name 'getWindowSize'
&amp#27;[38;5;180m[761a28b9]&amp#27;[0m&amp#27;[38;5;-22m[AndroidUiautomator2Driver@c4ce]&amp#27;[0m Proxying [GET /window/current/size] to [GET http://127.0.0.1:8242/session/b40fdf65-6bf9-41b7-a102-1271e5f3b774/window/current/size] with no body
&amp#27;[38;5;180m[761a28b9]&amp#27;[0m&amp#27;[38;5;-22m[AndroidUiautomator2Driver@c4ce]&amp#27;[0m Proxying [GET /appium/device/info] to [GET http://127.0.0.1:8242/session/b40fdf65-6bf9-41b7-a102-1271e5f3b774/appium/device/info] with no body
&amp#27;[38;5;180m[761a28b9]&amp#27;[0m&amp#27;[38;5;229m[ADB]&amp#27;[0m Running '/Users/cuongvu/Library/Android/sdk/platform-tools/adb -P 5037 -s 99181FFAZ002RG shell dumpsys window'
&amp#27;[38;5;180m[761a28b9]&amp#27;[0m&amp#27;[38;5;229m[ADB]&amp#27;[0m Running '/Users/cuongvu/Library/Android/sdk/platform-tools/adb -P 5037 -s 99181FFAZ002RG shell dumpsys power'
&amp#27;[38;5;180m[761a28b9]&amp#27;[0m&amp#27;[38;5;-22m[AndroidUiautomator2Driver@c4ce]&amp#27;[0m Got response with status 200: {"sessionId":"b40fdf65-6bf9-41b7-a102-1271e5f3b774","value":2.75}
&amp#27;[38;5;180m[761a28b9]&amp#27;[0m&amp#27;[38;5;-22m[AndroidUiautomator2Driver@c4ce]&amp#27;[0m Got response with status 200: {"sessionId":"b40fdf65-6bf9-41b7-a102-1271e5f3b774","value":{"height":2280,"width":1080}}
&amp#27;[38;5;180m[761a28b9]&amp#27;[0m&amp#27;[38;5;-22m[AndroidUiautomator2Driver@c4ce]&amp#27;[0m Got response with status 200: {"sessionId":"b40fdf65-6bf9-41b7-a102-1271e5f3b774","value":{"statusBar":83}}
&amp#27;[38;5;180m[761a28b9]&amp#27;[0m&amp#27;[38;5;-22m[AndroidUiautomator2Driver@c4ce]&amp#27;[0m Got response with status 200: {"sessionId":"b40fdf65-6bf9-41b7-a102-1271e5f3b774","value":{"androidId":"af57066b18a8448f","apiVersion":"33","bluetooth":{"state":"OFF"},"brand":"google","carrierName":"","displayDensity":440,"locale":"en_US","manufacturer":"Google","model":"Pixel 4","networks":[{"capabilities":{"SSID":null,"linkDownBandwidthKbps":64601,"linkUpstreamBandwidthKbps":28254,"networkCapabilities":"NET_CAPABILITY_NOT_METERED,NET_CAPABILITY_INTERNET,NET_CAPABILITY_NOT_RESTRICTED,NET_CAPABILITY_TRUSTED,NET_CAPABILITY_NOT_VPN,NET_CAPABILITY_VALIDATED,NET_CAPABILITY_NOT_ROAMING,NET_CAPABILITY_FOREGROUND,NET_CAPABILITY_NOT_CONGESTED,NET_CAPABILITY_NOT_SUSPENDED","signalStrength":-58,"transportTypes":"TRANSPORT_WIFI"},"detailedState":"CONNECTED","extraInfo":"","isAvailable":true,"isConnected":true,"isFailover":false,"isRoaming":false,"state":"CONNECTED","subtype":-1,"subtypeName":"","type":1,"typeName":"WIFI"}],"platformVersion":"13","realDisplaySize":"1080x2280","timeZone":"Asia/Saigon"}}
&amp#27;[38;5;180m[761a28b9]&amp#27;[0m&amp#27;[38;5;-22m[AndroidUiautomator2Driver@c4ce]&amp#27;[0m Screen already unlocked, doing nothing
&amp#27;[38;5;180m[761a28b9]&amp#27;[0m&amp#27;[38;5;-22m[AndroidUiautomator2Driver@c4ce]&amp#27;[0m Starting 'vn.vtvlive.ontv.a.dev/vn.vtvlive.ontv.a.SplashActivity and waiting for 'vn.vtvlive.ontv.a.dev/vn.vtvlive.ontv.a.SplashActivity'
&amp#27;[38;5;180m[761a28b9]&amp#27;[0m&amp#27;[38;5;229m[ADB]&amp#27;[0m Running '/Users/cuongvu/Library/Android/sdk/platform-tools/adb -P 5037 -s 99181FFAZ002RG shell am start-activity -n vn.vtvlive.ontv.a.dev/vn.vtvlive.ontv.a.SplashActivity -S -a android.intent.action.MAIN -c android.intent.category.LAUNCHER -f 0x10200000'
&amp#27;[38;5;180m[761a28b9]&amp#27;[0m&amp#27;[38;5;229m[ADB]&amp#27;[0m Waiting up to 20000ms for activity matching pkg: 'vn.vtvlive.ontv.a.dev' and activity: 'vn.vtvlive.ontv.a.SplashActivity' to be focused
&amp#27;[38;5;180m[761a28b9]&amp#27;[0m&amp#27;[38;5;229m[ADB]&amp#27;[0m Possible activities, to be checked: 'vn.vtvlive.ontv.a.SplashActivity', 'vn.vtvlive.ontv.a.dev.vn.vtvlive.ontv.a.SplashActivity'
&amp#27;[38;5;180m[761a28b9]&amp#27;[0m&amp#27;[38;5;229m[ADB]&amp#27;[0m Getting focused package and activity
&amp#27;[38;5;180m[761a28b9]&amp#27;[0m&amp#27;[38;5;229m[ADB]&amp#27;[0m Running '/Users/cuongvu/Library/Android/sdk/platform-tools/adb -P 5037 -s 99181FFAZ002RG shell dumpsys window displays'
&amp#27;[38;5;180m[761a28b9]&amp#27;[0m&amp#27;[38;5;229m[ADB]&amp#27;[0m Found package: 'vn.vtvlive.ontv.a.dev' and fully qualified activity name : 'vn.vtvlive.ontv.a.SplashActivity'
&amp#27;[38;5;180m[761a28b9]&amp#27;[0m&amp#27;[38;5;90m[AppiumDriver@18d1]&amp#27;[0m New AndroidUiautomator2Driver session created successfully, session 761a28b9-fee1-4e1c-a940-cb81932093b0 added to master session list
&amp#27;[38;5;180m[761a28b9]&amp#27;[0m&amp#27;[38;5;90m[AppiumDriver@18d1]&amp#27;[0m Event 'newSessionStarted' logged at 1735290694682 (16:11:34 GMT+0700 (Indochina Time))
&amp#27;[38;5;180m[761a28b9]&amp#27;[0m&amp#27;[38;5;-22m[AndroidUiautomator2Driver@c4ce]&amp#27;[0m Cached the protocol value 'W3C' for the new session 761a28b9-fee1-4e1c-a940-cb81932093b0
&amp#27;[38;5;180m[761a28b9]&amp#27;[0m&amp#27;[38;5;-22m[AndroidUiautomator2Driver@c4ce]&amp#27;[0m Responding to client with driver.createSession() result: {"capabilities":{"platformName":"ANDROID","app":"/Users/cuongvu/AutomationTest/automation-onlivetv-android/app/onlive-dev-debug.apk","appWaitForLaunch":false,"autoGrantPermissions":true,"automationName":"UiAutomator2","noReset":false,"systemPort":8242,"udid":"99181FFAZ002RG","version":"13","platform":"LINUX","webStorageEnabled":false,"takesScreenshot":true,"javascriptEnabled":true,"databaseEnabled":false,"networkConnectionEnabled":true,"locationContextEnabled":false,"warnings":{},"desired":{"platformName":"ANDROID","app":"/Users/cuongvu/AutomationTest/automation-onlivetv-android/app/onlive-dev-debug.apk","appWaitForLaunch":false,"autoGrantPermissions":true,"automationName":"UiAutomator2","noReset":false,"systemPort":8242,"udid":"99181FFAZ002RG","version":"13"},"deviceName":"99181FFAZ002RG","deviceUDID":"99181FFAZ002RG","appPackage":"vn.vtvlive.ontv.a.dev","pixelRatio":"2.75","statBarHeight":83,"viewportRect":{"left":0,"top":83,"width":1080,"height":2197},"deviceApiLevel":33,"platformVersion":"13","deviceMa...
&amp#27;[38;5;180m[761a28b9]&amp#27;[0m&amp#27;[38;5;86m[HTTP]&amp#27;[0m &amp#27;[37m<-- POST /session &amp#27;[39m&amp#27;[32m200&amp#27;[39m &amp#27;[90m4656 ms - 1185&amp#27;[39m &amp#27;[90m&amp#27;[39m
INFO  | 2024-12-27 16:11:34 | [TestNG-tests-1] setDriver driver.DriverManager (DriverManager.java:17) - Set driver
INFO  | 2024-12-27 16:11:34 | [TestNG-tests-1] getSession driver.DriverManager (DriverManager.java:26) - get session: 761a28b9-fee1-4e1c-a940-cb81932093b0
INFO  | 2024-12-27 16:11:35 | [TestNG-tests-1] onTestStart myListener.MyListener (MyListener.java:92) - Running test case scenario
WARN  | 2024-12-27 16:11:35 | [TestNG-tests-1] <init> cucumber7jvm.LabelBuilder (LabelBuilder.java:105) - Composite tag @ALLURE.LABEL.OWNER is not supported. adding it as RAW
INFO  | 2024-12-27 16:11:36 | [TestNG-tests-1] onTestSuccess myListener.MyListener (MyListener.java:97) - Test case scenario is passed.
]]></system-out>
  </testcase>
  <testcase name="scenario[&quot;Kiểm tra đăng nhập bằng số điện thoại nhỏ hơn 10 số&quot;, &quot;Login Test&quot;](2)" classname="runners.LoginRunner" time="0.055">
    <system-out><![CDATA[INFO  | 2024-12-27 16:11:36 | [TestNG-tests-1] onTestStart myListener.MyListener (MyListener.java:92) - Running test case scenario
WARN  | 2024-12-27 16:11:36 | [TestNG-tests-1] <init> cucumber7jvm.LabelBuilder (LabelBuilder.java:105) - Composite tag @ALLURE.LABEL.OWNER is not supported. adding it as RAW
INFO  | 2024-12-27 16:11:36 | [TestNG-tests-1] onTestSuccess myListener.MyListener (MyListener.java:97) - Test case scenario is passed.
]]></system-out>
  </testcase>
  <testcase name="scenario[&quot;Kiểm tra đăng nhập bằng số điện thoại đầu số khác 0&quot;, &quot;Login Test&quot;](3)" classname="runners.LoginRunner" time="0.031">
    <system-out><![CDATA[INFO  | 2024-12-27 16:11:36 | [TestNG-tests-1] onTestStart myListener.MyListener (MyListener.java:92) - Running test case scenario
WARN  | 2024-12-27 16:11:36 | [TestNG-tests-1] <init> cucumber7jvm.LabelBuilder (LabelBuilder.java:105) - Composite tag @ALLURE.LABEL.OWNER is not supported. adding it as RAW
INFO  | 2024-12-27 16:11:36 | [TestNG-tests-1] onTestSuccess myListener.MyListener (MyListener.java:97) - Test case scenario is passed.
]]></system-out>
  </testcase>
</testsuite>