<?xml version="1.0" encoding="UTF-8"?>
<!-- Generated by org.testng.reporters.JUnitReportReporter -->
<testsuite hostname="Mac-mini-cua-Cuong.local" failures="0" tests="3" name="runners.LoginRunner" time="0.430" errors="0" timestamp="2024-12-27T16:11:42 GMT+07:00" skipped="0">
  <testcase classname="runners.LoginRunner" name="scenario" time="0.030"/>
  <testcase classname="runners.LoginRunner" name="scenario" time="0.339"/>
  <testcase classname="runners.LoginRunner" name="scenario" time="0.061"/>
</testsuite> <!-- runners.LoginRunner -->
