<?xml version="1.0" encoding="UTF-8"?>
<!-- Generated by org.testng.reporters.JUnitXMLReporter -->
<testsuite ignored="0" hostname="Mac-mini-cua-Cuong.local" failures="0" tests="3" name="Login Test" time="15.948" errors="0" timestamp="2024-12-27T16:11:42 GMT+07:00">
  <testcase classname="base.BaseRunner" name="scenario" time="0.339"/>
  <testcase classname="base.BaseRunner" name="scenario" time="0.061"/>
  <testcase classname="base.BaseRunner" name="scenario" time="0.03"/>
</testsuite> <!-- Login Test -->
